01110100001001011010001101001010011101
11001100010101010001111001110111000100
01100110100011101111110101110111000001
01100100001110111000011101000111111110
11000011000011101100000111111110000011
00100100100000000011111011000101100011
11111101010000100011100000000011110100
11000101001010111111100001101010001010
11000111010001101010011110010011001011
01010000111000111010010010101101110111
01101110000101011100111010110010101011
10110000001101010010001010101110100100
10110011000010101001111000000011110001
00000011111011111010101011011011101100
11011011101101001101000010100010001100
01100001110111101100010010110111111000
10001100001000010011011110101010001100
01101011100100111110000110111010001001
11011011000011001001100001000001110111
10011000110000001101010111000100100001
01000100100001011100001000001100100010
01100011100010000100000000001000100100
00000100010010000011110110010101101100
11010011101100101011101101010111111101
00111010000001111000101010100110010001
01110010010111001110111000101001011100
01010011100101111110010010000000101000
11111111001010000101001011111110001100
10010100111101010000101100011000110110
01011100101001101000010100101100000110
11001111011011101111011101001011101010
00111111111000001111110101100100110000
10001110100001011111111110111100001100
10000100000000110111111101100001100110
01111000110111011100101101100001000100
11000101000110110101001111000011110010
01110100101100101110111000000111110100
00110000110001010010111110001001010011
10110100010110100011011110110110100100
11000000101011011101000000001011101010
10011110000101101010010110101100101011
11111000110111000111011011111111001101
01000010010111111111011101000101000001
11110110000111001010001111011110111100
00111111100000101100001111001101100000
00010010101110011100100001010111010011
00110001100101011111010011110111001000
01111011001110010101111001110100111100
01111010111100011000000001011010111001
00000000000101000000110100000010001010
11100101100010101110001010101100000011
00101101010101101110000001011001101001
11111011000100000011011111110101000001
01001111011100100111000101110101010000
10110011101101010001010110001001011001
10101000110100001110101111001101001110
10100100100101001001111000000010110101
10100100111111110001010111100100000000
00110001100011100001110100101111100011
10110110101010100000101110001010001010
10000000011100110010101000111100111001
01110110001000000110100001101110010100
01001111000100010001011110110111010101
01010011010100110110111110001011000001
01001101011010110000000011010001101111
11011110110011101111001011001110110011
00100011011100111100110110011010011000
01000100001110110100101010111001100011
00000100101110001001101011101000100001
01110000001100001111110000000110001111
00001111100101111011010001000000000101
11101011011110011110010111110001010101
01000111001010100001010111110010110000
10000101000110001111001011000011010011
01011001000011111011000011011110101000
00110010001001000010100100010110010100
01110110100100111101010111100101010011
11111000110000010011001011111100010111
00011111110000100110011001111001110111
10110010001010001010110100111000001111
01000010011111000100000010011111111000
10111100001111011100100001111111011111
10000001001101010001110010111111011100
00111110100000111110000100001110000110
01100010111111101001111100001010100100
10100110001110101101111100001001111000
00110100001001101010100111110111001101
01010000110000010010101110110000101000
10001001001111000111011011001000000101
00110101000010100111011010100101010110
10010011010001001000011111010011000001
01111001011111110011101101111000001111
01100000111001111100101011100111111000
01010001001101101100010101001000011011
11111011111100101010110001010111111011
10110011101011100001001111110100100111
00111000000111001100001010011001111110
00111010011010001010111101111001110100
11000010111000100000110101011111100011
10101011111001000010110101101010001001
01111010110110011110101100101101101010
11000100100011101111101011111011001011
00000110101011000000101101101000111001
10001100101001101000111111010110011011
01000100001000110110111110010011000111
10101000011000101111100101110101001000
01000010010001010110111010011100011011
10101100111110011101111000001000010100
11111100010001100111101010010011010011
01011000011110000001010010010111110001
01011001011110111001100001110010001010
10101001010100101011010100001000101110
00010011001110000000101011010101111101
00101001011111101100111101001000010010
00011100010111100100000001100100000000
00101001101111001001110001001110101110
11100110100111010001000011011001001101
10010100110110011100111111110010100100
01111010111010101110110100111101100011
11011000110110001000010101101000101110
10111010011101101100001001010010010111
11011010000000111110111100000110111111
10111111010111111000000101010101001101
10111001111000001011010101010101001000
01011100010001101000011000001000000011
00000000010010110100010010100101111000
10110101110011000111101111101000000101
11001111110011001100001101001001101001
00100010011001011001000100100100101110
00010000110001101110010101100010100111
11110001010100110001101010011100010111
11101000011110111010110010011001001000
00000100001011111001111100110011111000
10010011001010110111110100111001000111
11010010000101010100101100000101011010
10000110011001111001111101110001101001
00001011011110111101011110100010100111
10111111000110101011111001011100110000
10110001100100101110001000100101101100
01011000111100100001000010011001101001
10100110011010111110101110000111100011
11101001110000010111100100111100101000
10011100110101101001001010100011000111
01000000100100010010110101000001000010
10001101101100001001110110011001100011
00100101100110110001001001111010001010
10110111111011010001110001011101110010
01110000100100000010111001011011001000
10101100101111100111100000110000010001
10101001001100001100100000010111010110
10011010000010010100010111000001011100
00111111110110110101100001001000110110
00000101100000101001111100011000110011
11010100100011111110011100110010111010
00011101111011011101011100110010011011
01000011101101011110111110101100000000
01110110111111000100001100011101010011
00110101100011010010011100110100101101
10100110011000010011010111110100011000
10010010111011110110001101000000011011
00110110110101111011010101110010011011
01110101101011011110001000000101001000
01101101110010110100111001110111010011
10101010001011011100011100110111101001
10110110101100100100001000011001001110
01001111011100011010111100010001111110
00101011001011100000001011001001101010
11001101101110010001001111011001010000
10101001010110101101000000110100001001
00101000000010010001100111100100100010
10000110000111001010100010001011100101
01001101000000001011110111001101110111
01011010011011110011000100001011101001
01011110100001011000000000010011110100
10101000100111011001111100011011110010
11100110010010001101111010101101000100
00011100001000011100000110110101101010
01100100111100000011011001001000000101
00011011111110001101010000001011011010
01111010100010010101111111100001001101
11101111110000110011111101110110111111
01101110010000110010000100101101001000
01001010101011000110000110100010100100
10001000011001100010001001110011111101
11111110011101011111111110011000000011
01000111000110001010100011010000000101
00101001100010100010001011001101001101
10111111110100101000000011111001010000
11101010111001101001111111011000011110
00111111000011010010111100101110000000
01001100011001000110010101010000100001
01101000111001011111111101000000011110
00010010101001010110011001000000111010
00111101101100001100000110010100000101
01001100010001110100001010011001110100
01000011111011001110001010100001001000
01111101011100101001111001010101011100
11000110111001110100010100000110001010
11000011111100100010111110011000000000
11110100111000011010000011100000000000
01000010011100001010001000011101001110
00010101100111110100011111000101000010
10011001010101101110101111010101101001
11110000010001001111101111110011101111
10000100011100110100000110011000001100
11110111000110100010001110001101011100
10110100100001100011111111000000011110
10111001011110000010011000111000101110
11000001111100110000010000100101100101
10001010001011000111000011110101110111
01010111000001010100011010001110010010
10110110110100110011111110000001011100
00010111011110010111010101100001000111
00111001000111110101011100100011010011
01100101001010001110011110011010111111
01011111010011011111010001101011100011
11110110110101010001101110100011000111
10000001110111101101110101111111101010
10010001010000100101010110001111101111
11011000111011101001110111110010011101
00110001001011111110100000101010001111
00010101010011111101100100101110101011
10110111010111101000111110110000001010
01111100010101000011010111011001011100
10001000111010011001001000001101010101
01100000101010001110011100011001110010
00011110001001000101011001111110110000
01001111001001010101000100111100101011
11010000100110001010111011010001110010
01111100011111001001010110110100101110
00101001110011100010010100110010010001
11111101010011110011101010011000001111
10100011001111011100101110111111001110
00111001000101110111000011011000011110
01000001110110001011011001100011010011
10100110110011111001000100001011100101
10001010001001111101001110001001011100
11000101010111111111100000001100100100
11100001111111110100011100111111100110
11100000111111101000110100010011001101
00001011000000111110110111001110011000
10100111000110010011000100110001100011
11111100100100110001100111101001001101
00101010011110100101100001010010001111
01010011111011110101011011111000101110
00100101010110111001101000011100000110
11101111111011100100000010110000111100
01111111001011100100000110100001000001
11010101101100011001111101101111010110
00110111000100010111101000101001111011
01110011000011110001000101110001101010
11100101101000110010101010110100110110
01101100011101110010111011111110110101
01000000110100111011011111100110001111
10000110101011100010011000010111100000
00010000110001011110010001000111000100
10101010110100100001001011100101110001
00000110010101011110010101100111110100
00001011101111111001101001100011100000
01111100100011100110000010100110110101
11100001001011110010111100100010001111
01101101100111010001010001011111011010
10101011001110110000110001001011101100
01110101110111011011110001000010001100
10110011101100000101101001101010000000
10001010100100011101000111011011110111
10011001000011011110010000110011110001
00001100001010100110100111101111100011
01000100101111000001101100000111110010
10101100100111100011010001100010100001
00001111001110110011110011001111100011
01101111001011110010001101110011101001
11000100010110101000010001010111111110
01110110011000101011101010001101011010
01010001100111101001101000110001101010
00010100010000000001011100000000100100
01110111000110110111110011001100001111
10100111000001110110000110011011110111
01111001011101111101101000010010101000
00100100101100000010101111111101110001
00110111001110000011000010010001011111
11110110000000010011010101100100000011
11101011111100100111001101100101011010
10010001010011100110111111010100111111
10001110110011111011001001010011100011
10111110011001110111011010110100111001
11001001010110101001111000101101111011
11110101000100100111000011001110011101
10110011011110011011001000011011011111
11101101010011000000110011001100011000
10000000111001010010110110000001011111
10101001011100110010001000100001001110
11010000111110011001000111000001001011
01000100011110011111010101110111001110
00010011011111110111001100000110110101
10011001101100111110010001110000110110
10010011100100001100100101000100010111
00111011101100111010011010101000011110
10010101100100010110110011100111110001
00101011101101110010101011100011100110
10011100100111101010100001001011010101
01011000101010110000010101011111000111
00010110000100101010000111011010101011
00110110110101100100101101100001010011
00100111111111011001000111111010010100
11101101011100111010110101110101001000
10111010011010101100110100001001010000
10110000010010111001101111110000111010
10101010000101111010011001110000110000
01110010011100110010011001110011111000
00111001111111011001101001111010010111
11011010111101001011101001011111010011
00011111011011110010011000111010110110
00100101011000100011110001001000110011
00011010110010000010110111111100100001
10000110010011000111101001010101000001
11100101101010011100001000010010010100
00011001100011001011100001101011100101
00100101100110111011001100000111111101
00000100110011111010000000000100001001
11001010111110100111010010001000110011
00111110111101101000100011111100111010
11101000001000110011010101101001101001
10110011011111111111101001110110011011
00101001000011101001000010110011000001
01101000001111000111010100110010000011
00010111011010101010001010011001001000
00111001010110101001001001001101011100
11101111001010010000110100011000101101
11101011011000011011001100110111110111
10011010111111110000101111111010011101
11001111100110110011110011111001011100
10101011101100101111010111100101101111
01001011010001000111011110100110101110
11100100010011101000100100010110110101
00011001011001000000101011010101000010
01001111110101111101011110110000101101
00101110001111011011101000101001111110
11100010001110110011001101111010111010
00100100101011010101001011101111001101
01001001110111001011100010001000111100
10110110010110011010000101111000010100
11001001111010110101001110110001111011
01100010000010011100000111011000101000
10011011110011000001011111111011000100
10110010010011001010001111101001100110
10110101000100110001100101011100010010
00110111111010001110011111010101001000
11010110110110011110110000000110001010
01011111001111011110111000000011110001
11110011000110111101000110001101010101
00010010101000010101010000000000110101
00100111001100010001111100100101111000
10111101101010010000111110000110001010
11110011101011001101011001010101000100
11000010100100110010001101000011110100
00010001011011101001011011011000111111
01001110010111111101100101000100000101
11101100101000011000110000110000100010
10110100010011100000011001110100111100
11010001110010010011010011011111100101
10010101000100100010011000001001101010
10001110101110101011011000010111010110
00010010101110011011000010010000011101
11000001000111111100101111111100111010
10100001110101111010010001000100001111
10000100000011000101101011011111100101
11001010011100010100010101110010000101
11010001011011111100001011000001011100
01000000100000011010110000110100101110
01011001011011000011010101111000011110
01100011000000001011101100011110101000
11110001001010010000110101100110101011
10000000001010100010101011011101110001
00011100001100010001000111010001010110
00001001101001000010100100110010001100
01100011011111110110101100000111101111
10110010111110001000000101010000010010
10001000110100010100100101001110110110
00110001110110101001000111100110100111
00111101010111001100100001011000001111
11111101000001001101010101100011110010
11001010101110011110110111000101110111
01100000000110001110111110000111110111
01011011111100110000111111101010000110
01110011000101001110000001001101100000
10111110111110101010000100101010001100
10101110011000001110010010011101110100
11101010101101100111000110110101111000
11000110100001001101001100111110111001
11000111101010011101101001111111010011
01110011110100000011110010010110010111
10000010011101111100101001110001011111
11101101110011011011100001010101100110
00001101010110011101011100100110010001
11000100110011100010101011100000110000
00011100111111011101011101000110111010
01111101000101011110001110110010000101
10000010100111001011111001011010010100
10001101010001001101000111010100101101
00101101111111011110001101110100000011
10001010001110110000001011101000111100
01110101100110100110001100100100001100
10000000101110110010001101100110101011
00011101000100101011110110111001100011
00011110100100101101110011000101001000
01101000100101100010001010011011001000
10000101000110000100000001001101101111
00000101111001111001111010101100100001
10011001011111100110100100111011010101
11101101010100100010010111010000000000
10110001000001001110100100101011011010
10100110110101101101110010110111110010
00000001111011010000001001101100100111
00011011010010101000111101110111110100
00001010011000100110010101101010011110
00001010100000111001111001111111110111
11011000111101010001001010111011011001
01000010101111000000111111000001011001
01110011010100010111010000010110110110
00111001010100111011101100111001110001
00110101000001010100101010010111111011
10011011110100111101111010001011110100
10000100100111000110110011101110001100
00001001101111000001001001001111011100
01100001100000111100000100100101111110
11101101001111101111000110000001101111
11001011011110111001100101101001010000
10001000111100010000100110010101011111
10101110011101100011111101101010101000
00011010010101001110110111000111011001
11100111000001001011111000101111111101
00011100010110000010000000000010101101
11101111110101110101111101001011001011
01101101111001100010111010001110011000
01111110100111110001111000100111111101
11100111001100100011000000000000111001
00101111110110000000100001001101111110
10010011010010011110111011110010000101
01000100001100001100101000000111100101
10111010101001111110000111000101111101
01111110001001111110100000100111000100
10000101101101110110100111001000000101
01110001101101011001101000101101100011
11010110101001011011001101000100001100
01100111000110110110001001001001000111
11101100100100010101001010101100010100
10010111111001111110000010000011100101
00111111000101101110100010111000011110
00101010000111001100111000101100000110
00101010000110111100110100010101000010
00000000110000011010100001010110011101
11011100011000101001010100100100100010
11101000001010111110001001111011000100
01100100100010101000011100100010110011
10011010010111110000110110111000111010
00100001010111111001001100011010001001
00100101111001101101001010000101100101
00010001001110101100111111110000101000
00011101110101100011101111101011101100
00110010011001011001011001001101001110
01111010010011011110001011011100111010
10111000100110100101110100001000111100
01100111010000110110011000011011001000
11100101000100110011101101110010000101
01111110111001101111010111100100010001
10101111111100000110111100101110110011
10001000101101010101100111001111111000
00000111011010101100111101000101111110
00101010011000001111011101111100011101
10001010001111111010101000110100011000
01101011111110100110100001100011101010
01000111100100110000001111010000000110
11000111000111000101110110110001101100
01011000010100100101100100111101110001
00011110010111101000011000111111111110
00110011001101001101001111101011001000
00010100110011101110110010000001011001
00011011101000000110010000110010110000
01000100101010000010101110000011011010
00100111110100111111011111000111011100
11001101111000011101011110101000000110
10000111000001000101000101100010111001
11110001011101000100110110111000111010
11011000110001110011001100000011000111
11000110010101100011110110001010110110
10101001000000000111011011010001000100
00000001110111100111110011101010111111
01100001101000111101101001110101010000
01110011111001010100001011010000010100
11111001011100100000100100100101111011
11001010100011001100111111101000110101
10000011011100010111101011100011001000
00100100001110001100001001110110010010
01011111001010011010000011110100100010
00011010001011010010111000000100010010
10001010011011110100111010011111010011
00001000011101111011111101000010010100
01000101101100100000001001101001011111
01110101100100010110000110001000110000
01111100010000001011110011100001010011
01111111101000100011011001110101100000
00010011110011001001001110010001110111
00000101010110010000100001011101011100
01100111011011010010010110011101010011
11101101110110000011100000000010100010
01100000011001011111110011001110001010
00001110110000110101011001000000001001
00010100101000100101100001010010100100
01000000011100000011100011110010111001
01001100110001111100111011101001001101
00010001001001000100110101110011001110
01101011100000100110010100001010110011
11110110011100100001001001101011011001
11000001010100000101010000011010000011
11011001010100001000000000101100100100
01010010010010110101011011111000111111
11100101001000000101011001101011001101
11010100010100110001100100010011001110
10011000111000110000001000000110101011
11100111001110111101111100101001010011
10111110101101110110000110010111001011
11001011100101101001010101101010010111
01001111000010011101101010100110100100
11011111110010101011101110000100110101
10100100000001100011011000000000101110
11010110001101010001100110010110011011
01000010001011100011011000010011101010
01001001111101110000000110010110100111
11011000001110111100100101001010011000
11110100101000000111010001011101110010
10001100110011001110100111010111010011
00101100010111000110110011110001010110
11000010110011001100000000110110101011
11110110001101011110111011101010000101
01010100100111011001010100100000001010
10110100000110111000010010001010000101
01110100100111001111011110100100001111
10000111101111011000000101000110111111
00110010101100001011110111010101001110
10010001110111101011011101001111110100
10110111110011000010101111011111000010
11010011101101100111001001111111000100
10001001101011000011100111001010001010
10010000001001101110101110111110100001
00110110011011010000111011110111000010
00110010010001101000101101101011100101
11111101010100011000001111111101111000
01000100010111110000110111010100001111
11111100011010110110111100101010000000
01101100001100110101101100110000110101
01000001011110101010011101110001111011
11001101111110111111011100100100111001
00110000100010100010101110001110000000
10101010001111001111101011011001100110
01000010000000000001001010111000100100
11100000100111110011110111111101100011
00111100011100110000100001101101001101
00110111101010111111101111011111111011
10011010000001010001001100111010100001
01011000111010101110011110001001000100
00111110010010010100101100110100100100
00000101001100001000101000100000000110
10011001100100110111000111100110111001
01011001100011011000000111101101100101
11101110111101101101010000000110000110
00100101010010100011000000001011100110
11111101100000011111001101011000100111
00001110110001100000011001001111100000
00110101010001101000001110101110011011
11111000110110000100001100111111011100
00100011000111010001000111100111000001
10011111111110001100011100110100101110
01100010010101101010000001001111110001
00110110011011001101111000110000101101
00000001001010100000011101001011100110
00111110111010111111110000101011101010
00111100001110111101000011110110000011
00010111000000110001000000101110110101
01110010010001001000001111110101111101
01111110001110010001010101011011000010
00100110001100010110111000001101100101
01010111000000010000011011100001110010
10100110001000011000010100000001011001
00111000110011001100000010110011100110
00101101111000000100001111001110011011
00111000101101011101000110011110010001
11110010111001000100010100100001100011
00001111110011100010111010111111011111
01000001010101010011111101101001110001
00111111111001011001101101000101101100
01100001001110111111110001110001101100
11101101011101101111101011100100010010
00110110010010101101011101111001100110
10001101010001010001010101000011111110
10011001101100000110011100111000111100
11101101110110011001110111110000101110
10011010110010111111010110101001001000
00011010011010001100111110100111000001
01100011001011111000001011000011010110
11111000101100001111010000000011111101
10001111100111000001110001011111000001
10100101111101101101011010110000011000
01110100000011000111100000110000100001
00101000011101111101111101000100100100
01010101111110000010100111011011010000
01111010110000011110011011101110011000
00001100111000010111100100010100101011
00010011101100111110001100110000011011
00000101110100101111001100001010111111
11010110000010000100011000000101110010
10100111010101000100100001010000101000
00100111011010011010100100110101111000
10111100000101001100011101101001100000
01111111111111001001001111000000001100
01110011001101111010101110000011001110
01111010101001001001001010100010111100
00101000101011001010000101001101011010
11000100000000111000001011110011110100
00011010100010100101001100011110100010
11100011000011110111101010000101010110
01110101111111001010010110100110101110
10100001100111000001101000001001011001
11100010101100100100001100101010101000
11000110011000010011010001110101111110
00011010111001001010110010111001111101
11111100110111000010110100001101010101
11011110100011101111011010100111111000
00011010111010110010100101100110011011
00101101100101101100100101100000101110
11010011010100000011100000100000111111
11011111100110001010011110101001000111
10111011001111000111110110000011010101
11100110010001100111011100110001100000
00010111110101111110101011011000110000
11111011011111111001000100011001001000
00100000001111100000100011000011001101
00011010110011101101110010111100011110
11100011001110000000011000101001100011
11101000010010111001011100010101111011
11111011111011001100000100000101010101
01010000000001011100011101000100100111
11101100111110010111010001100100010100
01101011000101111000000111111110111111
11100001111111001011000010000001111000
00000000101011110000110010100010011110
11011000110001011101010110000010011110
10111101100011110000011100101000010010
10111111000110000110111010010101110001
01011100111101101100000001010110010001
00010110111100010110010011010101011001
00101001010100110100011011101110101101
01111101100110110011011111001101110100
10010111010000001100011010010000101011
01001000110011110101110011111111110001
00011101110111100000010110111001111110
01111110010001110111111100001101001011
00110110011100001010010110100000010111
10010111101110110000001101111010101101
10010110100111010110100111011010110000
11000100000101101001010010101110111010
00100111010111011000100110010001110010
00101100010010111110100110010110000110
00011100100010000110011111001110001111
01101111111000111000001100100010000000
00010101000011111001111000010101101111
11110010010001100010011000010001101100
00001001111110101110000111000000000000
00111100001100011111010011100101000111
11100010101101001100101000001101011100
00111101000001010001011110111100011011
11100100010010001100101010111111001110
00101001000110010110101101010110110000
10110100110110101011101001110110001001
01100111100001000110100110110011111101
11111001000000001010001010010100111111
10000001101011100000000100011011111110
00100010100101101001110100110010111001
10101010010110000001000100101110011110
11010001010101001010101010100001101111
11001101001110101011110101101010101110
00010100101111001100100011001001110100
01100001111000011001100110011001001101
00001000101001100011110010111001010011
01011111011011111010010011000000000000
00100111101101011100011101110100011101
01111001101110101010101011101000011000
00100111000010101010001010010010100001
00111100001010111100011011011101111011
11101100100011111100111110111100010001
01011101110101010111010001110001001110
00111010110010010110101100010011010110
10111101010100100011000001010001110001
10100011001011100111011110110100001010
01100011001011000111100000010100010001
00011000010110001111100000111111111000
10010011110001011110000111110010010001
00000101100011001011100101101111001110
00001000000001100011101101000111111101
10010011100111110011100010001000111010
10110101111101001101100111001001011111
00100100100111011011101110011001000111
10100000010101110111110110010010011000
10001010001111111010110001100101110010
01000011001010011101100110101100000000
10101001001111001011110110111110111100
11110001110110111000000111001000111001
01000010111111001010101011000001010011
00000000011010101010000000011000101101
00000110001100110010001001111011111101
11100010001101010101000111011000110110
00000101110000100100001001010110110011
01010010110010101000001000110001010011
11000001010001111110110010011011110111
10110111110010111011100100101000011101
10111001000100111011010100000111001101
10111100110111010100100111110111111011
10100000000110111101100111101110011011
00100011000010111110111010001100000000
10001101100110110101110011101101010110
10010100100100100011010100000001100110
00100111000011101100000010001110000000
01111001111001011000010110111110110000
10101101010110010110001110001010111111
11000111100010111011000001010111111000
10110011011011110100101000111100101101
00110011001000110010111000110101010000
11111101110110110100011111001110111001
11100101001100111110101100001000110101
11010110101001110010000111001110110101
11101110110101000111100111000100110011
10000100100101110110100110100011001110
10001100001010000000101111000011010000
10100100101001101101001111100110001010
10011001100101110010001100010101111101
01100111011101101111000111010000010010
01100111111000101100010100100011000001
00000001101011011011010110001000100100
01111010100100111010011110001000011011
01011010110100111111111110111010110011
10101001100001001101011000101011000111
11110001100100111110110000000001000010
11011101100100001100001110001001010011
11000110001111000010100101110111011010
10101011111101110101110000000100001010
11100100000111001111010110110101111011
11001011000011110111110011000111001101
01101000011010010010100111100101100110
11001110001111100110001101111001001110
01010000001100000001010110010011100000
00011111110010010110111010111000110011
10010000001110100100001101101000110101
00000000001011100011110110111101000001
01000011010011000010100011001101100011
00001000010010000011101101010100010010
01101011101100000010010001110010011011
01101111011000100111001111110011111101
11011011011001001011100100001110111010
10001000000001001010010111010100100001
00000010010111100101100000100000010111
00101000100101100010100101010101110111
10010000111101101001011010111001000111
11011100000001000000111001101000011011
10101111110100001001101100100110100010
10000011001110011110011000000001000010
10111010001111010010101111011011011010
00000000101101010111101010001111001110
01011000111111001111101011011110110101
10100100110000001011111001011100000000
10001100110100100100100101000001000111
00111111011111001110001000111101011111
01001111110000100100100100110010001001
10100101100000001010011011011110100100
01111011011100111011100111001100100111
10011111100000101000101110010110101101
00011010010011011100000001001010111100
00101010010100000111010100000101111101
11000000101011101000011100010010010100
11011101001000001000111000010011111110
11101001101011110010110101010010000101
10111001001100100101000101101000101011
00011111010110011010111011011000001100
01111000110100111011101010000011001110
01010010001001100001000101111000001100
11011111001010011100000101111110010010
11101010000011001011001110110110001100
10000001001011011101110011010100001111
01111111100110110101110011010001000100
11001111000011011110001010110110111100
11100111111001100010111000101001001101
01101001100010101010101110000111101010
01101011000000100110101000100011010110
01001011110111000110000010101101000100
10111000110000000101101100010111010011
00010000001110010001111101000010101110
00000010101100001100100001001010001100
01111010100100101110110100001101110001
10010110101010111010001101011001001110
10100110000100101010011101001011001000
10111110111010110011110111001010001001
11010111000101100001010101000111111101
11010101010101001110010010001111010000
01111000111101010001010010111010100010
01111011000110111100001010111001110010
00000000010000100000011101101001001011
00110010100110000100110111111100111001
00000101001010000010101111101001110111
01110111100110101000000110100110000110
01001011110101010101110111001101110111
00110001001011001010000101101001111110
01011001111001111101000111100001000010
10111011101111010101111100101011111101
01000000101101111000100111100010010100
00001001011110111100100001110010100111
10111011010100000000001110001111010101
10111000100111011000000010010110110011
00000001100011011100100000001011101100
10010110010111101110110101101100100001
01000011110011000111110101000101110100
10001101001111100010111101110111010000
11010010010100100100011100001010000000
01111011010010111010010000110110001001
10101111000110010111001111100101100101
01110110000010010000110100111011101010
11111011000111010100011110101110100010
10101110001111000101110011110111111101
10100110100111001101001110010100010100
01100001101111111011001001111011101111
10110000011100001101110000011011111110
10010001011000000110111011100111111000
01001011110001110000011100011001100011
10110101010011101100001010000001010110
00100101100010101000100101010100110110
01101011111110011111010111011101101001
00001101011110000010110000100001010101
00011100100111010001110111111111011111
01100111011110001110000110001000100010
01110111110011110100101001110010110101
00100000111010010100011111000010000110
01111011010101111100011011000011101100
00001110010001000111100110110000111001
10011101001011101100100110100000100100
00110010111110111100001101010011010110
00000100011011010111110011000110110011
00000001010000011100100011011110100001
00011010001111110100001100110111110010
10110101010000110101101010101001000001
00010110011010001001111001000110101110
11101101000011000111000100011111011100
01010111101111001110111100010110110000
00010001000010100110111011111111111011
00001110110001111111001101011110010010
01000001110011000001101010001011011001
00111010100001101111111110101010001001
00110100110000001101100011111100010010
00001000010110011000001100000000101101
11010010110101000000011010111110000101
00110010011110111001110111100101011001
00100010001101100011101101001101011111
10010111101101111001001100101101001101
01000101101010010010101000000110011101
10100101100100001000101000001001101010
01010000010001100110001111110000010010
00101100101001111010111110111100101101
00010100100011101100000010110101011010
01000001000010101111010110110010110000
01111001100100000011001010101001111101
00100100010101110101001110001011001011
00100000110100010111001110011100011110
10000110111010010111000100100000011101
01101101100101000101110110101111001110
10100101011111001110100000101000000110
10101100011011001001101000101111100101
00100000010110110111000011010011001110
00100111010111000101111010110110011011
11000100111010111110010001100010010010
10110100000000011011000000101000011110
00000010010010001001110000111010101110
01100010001110010110011001011110001010
00110000101100111101101110011110101000
00100001111000100110001110001000100111
10001000011011001110100000111010010100
00011010110101011001100101011111000010
01000101100010100101110011010010011011
00010011001100100011011011011000111111
01011111110011011000111101011011111011
01000010011110000100100110011111111011
10011011111011100011100011110010011011
10001100000000000010100001000010000110
11001110010110110100000100011100001010
00100010101000001010000111111000111010
01001011000001111100101111011110110000
11111010000001001100100010110110101011
00111011101100010100000110111011000010
01100011110011011001000001110001110010
11100001011011111111001011000001110001
10100101001000000101000111000011101111
01011011010001110101010001010110110011
00011101001100100101000010011011000001
10111101111011101000101100111010100001
01101110110000110110011001011001100011
01110100100110010100100101101010100001
11110110110001101001000001111001100011
00110010110010111000110101001100000101
01111101011110010010100011110010110000
00000001111111010001010100101110101000
00101100010010100111110001011000100100
00100111010011111001101001101001110100
11111000101011011011110001001000101000
10100101011001111110001000111001100000
11011001001111001010111111011000011011
00010100111101101011111011111101100011
10110011110111000111100101010011110111
00111000101001110010110110110110010100
00101100010000001110110111100100100001
00001001000010100100000100100011010011
01100110101010001011000111000110101110
00001111101001011001100100010111110001
00010011111001101111000100100110001111
00010011001101100000111101111110110011
00100111110010011110101011100101111000
10110001001110011101101101011110101110
10001010011001000101100110110101101010
10001010001111001110010111111001010101
11010000011111100010111110101110001100
00001101001010110000111001110011110111
10010011000110101100101010001110011110
00110001110111110111111011010000110110
10000001010001111101000001100111000010
11010101110100110111111011010110100111
01011011011000000101010010011000001001
10100111011001111110001000101011101111
00100000011000011100010100011011100000
01001110100001110101011010110111011111
00100110110001011110100101111001001110
11100011111010100010100010001110100111
01100111011000001000110000110011100101
11101101010100000111000001110111000100
01000111000011100101011000010010101110
00010101001001001011000110111000110110
10111100010000011100011001011001011111
11110111110100100010110111101110110101
10111110100000101100011000000110001100
01000011011010100111000100010011111000
10101000111100001010000000010100110000
00111011001000111100000010101001101111
01001011011101011110111110111110100100
01110100110011010000100101010011110100
01111101000101001101000010000001100011
10100111100010111100001100110010100010
10010011010110110110101010011000111010
01010101001001110111110101111100101000
01000110110011111110100000000100010010
00011010111101001001001001000110010111
10111110010111001111000101101000010010
10101010101110001010110101100011110111
10111011110100010111101100110011011010
00001001010110000110110100001001001101
00110000100011000110001100101000111010
00010111111100001101011101110100010001
01000011110110110110100000100010000000
11101110000111011101010111000000000110
11111000111101101010000011111011010101
10010011010001111100001110001011000001
11011110110101010001110001100000010001
10100110001100000010001100010110001001
01011100100110001011011000000100010001
11010111111011000111100101110000110011
01100111000111011101000010010001011100
01011110100110111101101101011001010110
11101111010011111111101000000101010000
01010000110000100111110101110100111111
01011011101010010010110000010101001101
10111001000100000000000001011101010000
00011000011101111000010000110101010110
11000000000101000011110110011000010111
11100010010000001111010111011110111100
00110101100001010100001000110101010000
00110011000011110100011011001100010010
10100101100100110111110101000001111101
00110011100011110111010110001000011011
00101000000000001101100111111000001001
01111001100100010000110001111010000110
00010011100111100010100100111110111111
10011010111010100000001011111110011011
00101111110011001000110001110111001101
11011100111000001001010011010001100110
01011110001110101111011100111110110101
10010010110011110011011011111000000101
01000100010110010110000010101000011000
00000010010011010011101010011000110000
10100011100001110010000011011000111100
11001000010010000011000010010110110110
11100110110010000100110100111100000101
11100000111001110100100011000010000101
11101001010000011010100011110001101001
11111010011001001011110100001101000111
10010101010010111110000010101101001110
00001100011000011100111101010010001111
01111010011110111001110001010010111111
10111011111010110000111010100111010011
00000001110010111111101000101010111001
01111111101011101010101101010010001010
11111111000101010010111100010101101010
01111110001111000110000101011110111001
11101101110100111100011001100101110010
00011010100111000101000111100001110010
10111111110000110010101000100011001000
00001100101111010110011001100100101011
01000000010110001001001110010001011111
11000000101010011111110111110001000111
10011000001101100001001000010010100111
01100011001011010001101111110011001000
01011000110010001110011101110101101010
01100111000000100111100000101111001011
00001010100111110101011001001010001111
11000011011110001111111000011010101000
10100111111111001111010110001111111011
01000000000110011011110101001010100111
00010011101010111110111001101111001110
11101001110011110001000111011010110000
10111010100101111011000110100100011011
11111001011001010011111011110001100000
01101101110100111010011100110110001100
